<?xml version="1.0" encoding="UTF-8"?>
<testng-results ignored="0" total="2" passed="2" failed="0" skipped="0">
  <reporter-output>
  </reporter-output>
  <suite started-at="2024-02-25T12:22:56 IST" name="Default suite" finished-at="2024-02-25T12:24:36 IST" duration-ms="99191">
    <groups>
    </groups>
    <test started-at="2024-02-25T12:22:56 IST" name="Default test" finished-at="2024-02-25T12:24:36 IST" duration-ms="99191">
      <class name="Test_Scripts.Validate_ebay">
        <test-method signature="filters()[pri:1, instance:Test_Scripts.Validate_ebay@28a2a3e7]" started-at="2024-02-25T12:22:56 IST" name="filters" finished-at="2024-02-25T12:24:19 IST" duration-ms="82874" status="PASS">
          <reporter-output>
          </reporter-output>
        </test-method> <!-- filters -->
        <test-method signature="search()[pri:2, instance:Test_Scripts.Validate_ebay@28a2a3e7]" started-at="2024-02-25T12:24:19 IST" name="search" finished-at="2024-02-25T12:24:36 IST" duration-ms="16236" status="PASS">
          <reporter-output>
          </reporter-output>
        </test-method> <!-- search -->
      </class> <!-- Test_Scripts.Validate_ebay -->
    </test> <!-- Default test -->
  </suite> <!-- Default suite -->
</testng-results>
